TN:
SF:src/gilded_rose.js
FN:2,(anonymous_0)
FN:10,(anonymous_1)
FN:13,(anonymous_2)
FNF:3
FNH:3
FNDA:14,(anonymous_0)
FNDA:15,(anonymous_1)
FNDA:15,(anonymous_2)
DA:3,14
DA:4,14
DA:5,14
DA:11,15
DA:14,15
DA:15,14
DA:16,6
DA:17,5
DA:18,3
DA:22,8
DA:23,5
DA:24,5
DA:25,4
DA:26,3
DA:27,1
DA:30,4
DA:31,2
DA:32,1
DA:38,14
DA:39,12
DA:41,14
DA:42,10
DA:43,8
DA:44,5
DA:45,3
DA:46,2
DA:50,3
DA:53,2
DA:54,1
DA:60,15
DA:64,1
LF:31
LH:31
BRDA:10,0,0,1
BRDA:15,1,0,6
BRDA:15,1,1,8
BRDA:15,2,0,14
BRDA:15,2,1,12
BRDA:16,3,0,5
BRDA:16,3,1,1
BRDA:17,4,0,3
BRDA:17,4,1,2
BRDA:22,5,0,5
BRDA:22,5,1,3
BRDA:24,6,0,4
BRDA:24,6,1,1
BRDA:25,7,0,3
BRDA:25,7,1,1
BRDA:26,8,0,1
BRDA:26,8,1,2
BRDA:30,9,0,2
BRDA:30,9,1,2
BRDA:31,10,0,1
BRDA:31,10,1,1
BRDA:38,11,0,12
BRDA:38,11,1,2
BRDA:41,12,0,10
BRDA:41,12,1,4
BRDA:42,13,0,8
BRDA:42,13,1,2
BRDA:43,14,0,5
BRDA:43,14,1,3
BRDA:44,15,0,3
BRDA:44,15,1,2
BRDA:45,16,0,2
BRDA:45,16,1,1
BRDA:53,17,0,1
BRDA:53,17,1,1
BRF:35
BRH:35
end_of_record
